<?xml version="1.0"?>
<!DOCTYPE suppressions PUBLIC
        "-//Puppy Crawl//DTD Suppressions 1.0//EN"
        "http://www.puppycrawl.com/dtds/suppressions_1_0.dtd">
<suppressions>
    <suppress checks="HideUtilityClassConstructor" files=".*Application.java" />
    <suppress checks="JavadocMethod" files=".*Test.java" />
    <suppress checks="JavadocMethod" files=".*/test/.*.java" />
    <suppress checks="JavadocType" files=".*Test.java" />
    <suppress checks="MagicNumber" files=".*Test.java" />
    <suppress checks="FinalClass" files=".*SurveyProgramController.java" />
    <suppress checks="FinalClass" files=".*UserController.java" />
    <suppress checks="FinalClass" files=".*UserId.java" />
</suppressions>
